TpTrace Verbose: 0 : 19752, 1, 2022/05/18, 14:21:32.238, 3209468840189, datacollector.dll, Version: 17.2.0-release-20220408-11
TpTrace Information: 0 : 19752, 1, 2022/05/18, 14:21:32.242, 3209468879001, datacollector.dll, DataCollectorMain.Run: Starting data collector run with args: --port,51002,--parentprocessid,22324,--diag,C:\Users\Cvetomir\Desktop\QA Automation\Selenium-Basics\Selenium-Basics\bin\Debug\net5.0\fine-code-coverage\coverage-tool-output\diagnostics.datacollector.22-05-18_14-21-32_13344_5.log,--tracelevel,4
TpTrace Information: 0 : 19752, 1, 2022/05/18, 14:21:32.242, 3209468882513, datacollector.dll, DataCollector: Monitoring parent process with id: '22324'
TpTrace Information: 0 : 19752, 1, 2022/05/18, 14:21:32.247, 3209468926990, datacollector.dll, Trying to connect to server on socket : 127.0.0.1:51002 
TpTrace Verbose: 0 : 19752, 1, 2022/05/18, 14:21:32.253, 3209468993491, datacollector.dll, SocketCommunicationManager : SetupClientAsync : Attempting to connect to the server.
TpTrace Information: 0 : 19752, 8, 2022/05/18, 14:21:32.261, 3209469068246, datacollector.dll, Connected to the server successfully 
TpTrace Information: 0 : 19752, 8, 2022/05/18, 14:21:32.261, 3209469068943, datacollector.dll, Using the buffer size of 16384 bytes
TpTrace Information: 0 : 19752, 1, 2022/05/18, 14:21:32.328, 3209469739059, datacollector.dll, DataCollector: Start Request Processing.
TpTrace Verbose: 0 : 19752, 1, 2022/05/18, 14:21:32.328, 3209469740904, datacollector.dll, SocketCommunicationManager.WaitForServerConnection took: 0 ms, with 90000 ms timeout, and finished with True.
TpTrace Information: 0 : 19752, 1, 2022/05/18, 14:21:32.331, 3209469765632, datacollector.dll, DataCollectionRequestHandler.ProcessRequests: Datacollector received message: (DataCollection.BeforeTestRunStart) -> {
  "SettingsXml": "<RunSettings><RunConfiguration><ResultsDirectory>C:\\Users\\Cvetomir\\Desktop\\QA Automation\\Selenium-Basics\\Selenium-Basics\\bin\\Debug\\net5.0\\fine-code-coverage\\coverage-tool-output</ResultsDirectory><TargetPlatform>X64</TargetPlatform><TargetFrameworkVersion>.NETCoreApp,Version=v5.0</TargetFrameworkVersion><DesignMode>False</DesignMode><CollectSourceInformation>False</CollectSourceInformation><TestAdaptersPaths>C:\\Program Files\\dotnet\\sdk\\6.0.300\\Extensions</TestAdaptersPaths></RunConfiguration><LoggerRunSettings><Loggers><Logger friendlyName=\"blame\" enabled=\"True\" /><Logger friendlyName=\"Console\" uri=\"logger://microsoft/TestPlatform/ConsoleLogger/v1\" assemblyQualifiedName=\"Microsoft.VisualStudio.TestPlatform.CommandLine.Internal.ConsoleLogger, vstest.console, Version=15.0.0.0, Culture=neutral, PublicKeyToken=b03f5f7f11d50a3a\" codeBase=\"C:\\Program Files\\dotnet\\sdk\\6.0.300\\vstest.console.dll\" enabled=\"True\" /></Loggers></LoggerRunSettings><DataCollectionRunSettings><DataCollectors><DataCollector friendlyName=\"blame\" enabled=\"True\"><Configuration><ResultsDirectory>C:\\Users\\Cvetomir\\Desktop\\QA Automation\\Selenium-Basics\\Selenium-Basics\\bin\\Debug\\net5.0\\fine-code-coverage\\coverage-tool-output</ResultsDirectory></Configuration></DataCollector></DataCollectors></DataCollectionRunSettings></RunSettings>",
  "Sources": [
    "C:\\Users\\Cvetomir\\Desktop\\QA Automation\\Selenium-Basics\\Selenium-Basics\\bin\\Debug\\net5.0\\fine-code-coverage\\build-output\\Selenium-Basics.dll"
  ],
  "IsTelemetryOptedIn": false
}
TpTrace Verbose: 0 : 19752, 1, 2022/05/18, 14:21:32.360, 3209470054416, datacollector.dll, TestPluginCache: Update extensions started. Skip filter = False
TpTrace Verbose: 0 : 19752, 1, 2022/05/18, 14:21:32.360, 3209470060925, datacollector.dll, TestPluginCache: Using directories for assembly resolution 'C:\Program Files\dotnet\sdk\6.0.300\Extensions'.
TpTrace Verbose: 0 : 19752, 1, 2022/05/18, 14:21:32.360, 3209470061464, datacollector.dll, TestPluginCache: Updated the available extensions to 'C:\Program Files\dotnet\sdk\6.0.300\Extensions\Microsoft.TestPlatform.Extensions.BlameDataCollector.dll,C:\Program Files\dotnet\sdk\6.0.300\Extensions\Microsoft.TestPlatform.Extensions.EventLogCollector.dll'.
TpTrace Verbose: 0 : 19752, 1, 2022/05/18, 14:21:32.366, 3209470119003, datacollector.dll, TestPluginCache.DiscoverTestExtensions: finding test extensions in assemblies ends with: Collector.dll TPluginInfo: Microsoft.VisualStudio.TestPlatform.Common.DataCollector.DataCollectorConfig TExtension: Microsoft.VisualStudio.TestPlatform.ObjectModel.DataCollection.DataCollector
TpTrace Verbose: 0 : 19752, 1, 2022/05/18, 14:21:32.366, 3209470120844, datacollector.dll, TestPluginCache.GetExtensionPaths: Filtered extension paths: C:\Program Files\dotnet\sdk\6.0.300\Extensions\Microsoft.TestPlatform.Extensions.BlameDataCollector.dll
C:\Program Files\dotnet\sdk\6.0.300\Extensions\Microsoft.TestPlatform.Extensions.EventLogCollector.dll
TpTrace Verbose: 0 : 19752, 1, 2022/05/18, 14:21:32.366, 3209470121232, datacollector.dll, TestPluginCache.GetExtensionPaths: Added default extension paths: 
TpTrace Verbose: 0 : 19752, 1, 2022/05/18, 14:21:32.366, 3209470121481, datacollector.dll, TestPluginCache.GetExtensionPaths: Added unfilterableExtensionPaths: 
TpTrace Information: 0 : 19752, 1, 2022/05/18, 14:21:32.367, 3209470126804, datacollector.dll, AssemblyResolver.ctor: Creating AssemblyResolver with searchDirectories C:\Program Files\dotnet\sdk\6.0.300\Extensions,C:\Program Files\dotnet\sdk\6.0.300
TpTrace Verbose: 0 : 19752, 1, 2022/05/18, 14:21:32.369, 3209470146943, datacollector.dll, TestPluginCache.DiscoverTestExtensions: Discovering the extensions using extension path.
TpTrace Verbose: 0 : 19752, 1, 2022/05/18, 14:21:32.369, 3209470149988, datacollector.dll, TestPluginCache.GetExtensionPaths: Filtered extension paths: C:\Program Files\dotnet\sdk\6.0.300\Extensions\Microsoft.TestPlatform.Extensions.BlameDataCollector.dll
C:\Program Files\dotnet\sdk\6.0.300\Extensions\Microsoft.TestPlatform.Extensions.EventLogCollector.dll
TpTrace Verbose: 0 : 19752, 1, 2022/05/18, 14:21:32.369, 3209470150638, datacollector.dll, TestPluginCache.GetExtensionPaths: Added default extension paths: 
TpTrace Verbose: 0 : 19752, 1, 2022/05/18, 14:21:32.369, 3209470151122, datacollector.dll, TestPluginCache.GetExtensionPaths: Added unfilterableExtensionPaths: 
TpTrace Verbose: 0 : 19752, 1, 2022/05/18, 14:21:32.369, 3209470152144, datacollector.dll, TestPluginCache.DiscoverTestExtensions: Discovering the extensions using allExtensionPaths: C:\Program Files\dotnet\sdk\6.0.300\Extensions\Microsoft.TestPlatform.Extensions.BlameDataCollector.dll
C:\Program Files\dotnet\sdk\6.0.300\Extensions\Microsoft.TestPlatform.Extensions.EventLogCollector.dll
TpTrace Information: 0 : 19752, 1, 2022/05/18, 14:21:32.369, 3209470153764, datacollector.dll, AssemblyResolver.AddSearchDirectories: Adding more searchDirectories C:\Program Files\dotnet\sdk\6.0.300\Extensions,C:\Program Files\dotnet\sdk\6.0.300
TpTrace Information: 0 : 19752, 1, 2022/05/18, 14:21:32.370, 3209470154481, datacollector.dll, AssemblyResolver.AddSearchDirectories: Adding more searchDirectories C:\Program Files\dotnet\sdk\6.0.300\Extensions,C:\Program Files\dotnet\sdk\6.0.300
TpTrace Information: 0 : 19752, 1, 2022/05/18, 14:21:32.370, 3209470159978, datacollector.dll, AssemblyResolver.OnResolve: Microsoft.TestPlatform.Extensions.BlameDataCollector: Resolving assembly.
TpTrace Information: 0 : 19752, 1, 2022/05/18, 14:21:32.370, 3209470160953, datacollector.dll, AssemblyResolver.OnResolve: Microsoft.TestPlatform.Extensions.BlameDataCollector: Searching in: 'C:\Program Files\dotnet\sdk\6.0.300\Extensions'.
TpTrace Information: 0 : 19752, 1, 2022/05/18, 14:21:32.371, 3209470173229, datacollector.dll, AssemblyResolver.OnResolve: Microsoft.TestPlatform.Extensions.BlameDataCollector: Loading assembly 'C:\Program Files\dotnet\sdk\6.0.300\Extensions\Microsoft.TestPlatform.Extensions.BlameDataCollector.dll'.
TpTrace Information: 0 : 19752, 1, 2022/05/18, 14:21:32.373, 3209470183942, datacollector.dll, AssemblyResolver.OnResolve: Resolved assembly: Microsoft.TestPlatform.Extensions.BlameDataCollector, from path: C:\Program Files\dotnet\sdk\6.0.300\Extensions\Microsoft.TestPlatform.Extensions.BlameDataCollector.dll
TpTrace Verbose: 0 : 19752, 1, 2022/05/18, 14:21:32.381, 3209470269725, datacollector.dll, MetadataReaderExtensionsHelper: Discovering extensions inside assembly 'Microsoft.TestPlatform.Extensions.BlameDataCollector, Version=15.0.0.0, Culture=neutral, PublicKeyToken=b03f5f7f11d50a3a' file path 'C:\Program Files\dotnet\sdk\6.0.300\Extensions\Microsoft.TestPlatform.Extensions.BlameDataCollector.dll'
TpTrace Error: 0 : 19752, 1, 2022/05/18, 14:21:32.394, 3209470397772, datacollector.dll, The type "Microsoft.TestPlatform.Extensions.BlameDataCollector.BlameCollector" defined in "Microsoft.TestPlatform.Extensions.BlameDataCollector.dll" does not have ExtensionUri attribute.
TpTrace Information: 0 : 19752, 1, 2022/05/18, 14:21:32.395, 3209470410360, datacollector.dll, GetTestExtensionFromType: Register extension with identifier data 'datacollector://microsoft/TestPlatform/Extensions/Blame/v1' and type 'Microsoft.TestPlatform.Extensions.BlameDataCollector.BlameCollector, Microsoft.TestPlatform.Extensions.BlameDataCollector, Version=15.0.0.0, Culture=neutral, PublicKeyToken=b03f5f7f11d50a3a' inside file 'C:\Program Files\dotnet\sdk\6.0.300\Extensions\Microsoft.TestPlatform.Extensions.BlameDataCollector.dll'
TpTrace Information: 0 : 19752, 1, 2022/05/18, 14:21:32.395, 3209470411973, datacollector.dll, AssemblyResolver.OnResolve: Microsoft.TestPlatform.Extensions.EventLogCollector: Resolving assembly.
TpTrace Information: 0 : 19752, 1, 2022/05/18, 14:21:32.395, 3209470412493, datacollector.dll, AssemblyResolver.OnResolve: Microsoft.TestPlatform.Extensions.EventLogCollector: Searching in: 'C:\Program Files\dotnet\sdk\6.0.300\Extensions'.
TpTrace Information: 0 : 19752, 1, 2022/05/18, 14:21:32.396, 3209470420268, datacollector.dll, AssemblyResolver.OnResolve: Microsoft.TestPlatform.Extensions.EventLogCollector: Loading assembly 'C:\Program Files\dotnet\sdk\6.0.300\Extensions\Microsoft.TestPlatform.Extensions.EventLogCollector.dll'.
TpTrace Information: 0 : 19752, 1, 2022/05/18, 14:21:32.397, 3209470427860, datacollector.dll, AssemblyResolver.OnResolve: Resolved assembly: Microsoft.TestPlatform.Extensions.EventLogCollector, from path: C:\Program Files\dotnet\sdk\6.0.300\Extensions\Microsoft.TestPlatform.Extensions.EventLogCollector.dll
TpTrace Verbose: 0 : 19752, 1, 2022/05/18, 14:21:32.397, 3209470428964, datacollector.dll, MetadataReaderExtensionsHelper: Discovering extensions inside assembly 'Microsoft.TestPlatform.Extensions.EventLogCollector, Version=15.0.0.0, Culture=neutral, PublicKeyToken=b03f5f7f11d50a3a' file path 'C:\Program Files\dotnet\sdk\6.0.300\Extensions\Microsoft.TestPlatform.Extensions.EventLogCollector.dll'
TpTrace Error: 0 : 19752, 1, 2022/05/18, 14:21:32.400, 3209470460457, datacollector.dll, The type "Microsoft.TestPlatform.Extensions.EventLogCollector.EventLogDataCollector" defined in "Microsoft.TestPlatform.Extensions.EventLogCollector.dll" does not have ExtensionUri attribute.
TpTrace Information: 0 : 19752, 1, 2022/05/18, 14:21:32.400, 3209470462492, datacollector.dll, GetTestExtensionFromType: Register extension with identifier data 'datacollector://microsoft/EventLog/2.0' and type 'Microsoft.TestPlatform.Extensions.EventLogCollector.EventLogDataCollector, Microsoft.TestPlatform.Extensions.EventLogCollector, Version=15.0.0.0, Culture=neutral, PublicKeyToken=b03f5f7f11d50a3a' inside file 'C:\Program Files\dotnet\sdk\6.0.300\Extensions\Microsoft.TestPlatform.Extensions.EventLogCollector.dll'
TpTrace Verbose: 0 : 19752, 1, 2022/05/18, 14:21:32.401, 3209470464737, datacollector.dll, TestPluginCache: Discovered the extensions using extension path 'C:\Program Files\dotnet\sdk\6.0.300\Extensions\Microsoft.TestPlatform.Extensions.BlameDataCollector.dll,C:\Program Files\dotnet\sdk\6.0.300\Extensions\Microsoft.TestPlatform.Extensions.EventLogCollector.dll'.
TpTrace Verbose: 0 : 19752, 1, 2022/05/18, 14:21:32.401, 3209470465218, datacollector.dll, TestPluginCache: Discoverers are ''.
TpTrace Verbose: 0 : 19752, 1, 2022/05/18, 14:21:32.401, 3209470465477, datacollector.dll, TestPluginCache: Executors are ''.
TpTrace Verbose: 0 : 19752, 1, 2022/05/18, 14:21:32.401, 3209470465753, datacollector.dll, TestPluginCache: Executors2 are ''.
TpTrace Verbose: 0 : 19752, 1, 2022/05/18, 14:21:32.401, 3209470466027, datacollector.dll, TestPluginCache: Setting providers are ''.
TpTrace Verbose: 0 : 19752, 1, 2022/05/18, 14:21:32.401, 3209470466275, datacollector.dll, TestPluginCache: Loggers are ''.
TpTrace Verbose: 0 : 19752, 1, 2022/05/18, 14:21:32.401, 3209470466602, datacollector.dll, TestPluginCache: TestHosts are ''.
TpTrace Verbose: 0 : 19752, 1, 2022/05/18, 14:21:32.401, 3209470468362, datacollector.dll, TestPluginCache: DataCollectors are 'datacollector://microsoft/TestPlatform/Extensions/Blame/v1,datacollector://microsoft/EventLog/2.0'.
TpTrace Information: 0 : 19752, 1, 2022/05/18, 14:21:32.402, 3209470477805, datacollector.dll, TestPluginManager.CreateTestExtension: Attempting to load test extension: Microsoft.TestPlatform.Extensions.BlameDataCollector.BlameCollector
TpTrace Verbose: 0 : 19752, 1, 2022/05/18, 14:21:32.407, 3209470533466, datacollector.dll, MulticastDelegateUtilities.SafeInvoke: DataCollectionEvents.SessionStart: Invoking callbacks was skipped because there are no subscribers.
TpTrace Information: 0 : 19752, 1, 2022/05/18, 14:21:32.409, 3209470545302, datacollector.dll, Listening on Endpoint : 127.0.0.1:51005
TpTrace Information: 0 : 19752, 1, 2022/05/18, 14:21:32.418, 3209470639232, datacollector.dll, DataCollectionRequestHandler.ProcessRequests : DataCollection started.
TpTrace Information: 0 : 19752, 1, 2022/05/18, 14:21:32.440, 3209470856293, datacollector.dll, DataCollectionRequestHandler.ProcessRequests: Datacollector received message: (DataCollection.TestHostLaunched) -> {
  "ProcessId": 29616
}
TpTrace Verbose: 0 : 19752, 1, 2022/05/18, 14:21:32.441, 3209470869417, datacollector.dll, MulticastDelegateUtilities.SafeInvoke: DataCollectionEvents.TestHostLaunched: Invoking callback 1/1 for Microsoft.TestPlatform.Extensions.BlameDataCollector.BlameCollector.TestHostLaunchedHandler, took 0 ms.
TpTrace Information: 0 : 19752, 5, 2022/05/18, 14:21:32.693, 3209473385382, datacollector.dll, Using the buffer size of 16384 bytes
TpTrace Verbose: 0 : 19752, 8, 2022/05/18, 14:21:32.693, 3209473385414, datacollector.dll, SocketCommunicationManager.WaitForClientConnection took: 279 ms, with 90000 ms timeout, and finished with True.
TpTrace Information: 0 : 19752, 5, 2022/05/18, 14:21:32.693, 3209473386180, datacollector.dll, Accepted Client request and set the flag
TpTrace Information: 0 : 19752, 8, 2022/05/18, 14:21:33.282, 3209479283905, datacollector.dll, DataCollectionTestCaseEventHandler: Test case starting.
TpTrace Information: 0 : 19752, 8, 2022/05/18, 14:21:33.304, 3209479500097, datacollector.dll, Blame Collector : Test Case Start
TpTrace Verbose: 0 : 19752, 8, 2022/05/18, 14:21:33.304, 3209479503734, datacollector.dll, MulticastDelegateUtilities.SafeInvoke: DataCollectionEvents.TestCaseStart: Invoking callback 1/1 for Microsoft.TestPlatform.Extensions.BlameDataCollector.BlameCollector.EventsTestCaseStart, took 0 ms.
TpTrace Information: 0 : 19752, 8, 2022/05/18, 14:21:33.305, 3209479506206, datacollector.dll, DataCollectionTestCaseEventHandler: Test case 'Test_Summator_Empty_Inputs - f6e6b49d-fc75-9725-0080-cd7a0e40b180' started.
TpTrace Information: 0 : 19752, 8, 2022/05/18, 14:21:35.987, 3209506326722, datacollector.dll, DataCollectionTestCaseEventHandler: Test case completing.
TpTrace Information: 0 : 19752, 8, 2022/05/18, 14:21:35.990, 3209506357411, datacollector.dll, Blame Collector: Test Case End
TpTrace Verbose: 0 : 19752, 8, 2022/05/18, 14:21:35.990, 3209506360234, datacollector.dll, MulticastDelegateUtilities.SafeInvoke: DataCollectionEvents.TestCaseEnd: Invoking callback 1/1 for Microsoft.TestPlatform.Extensions.BlameDataCollector.BlameCollector.EventsTestCaseEnd, took 0 ms.
TpTrace Information: 0 : 19752, 8, 2022/05/18, 14:21:35.993, 3209506385926, datacollector.dll, DataCollectionTestCaseEventHandler: Test case 'Test_Summator_Empty_Inputs - f6e6b49d-fc75-9725-0080-cd7a0e40b180' completed
TpTrace Information: 0 : 19752, 8, 2022/05/18, 14:21:36.009, 3209506549841, datacollector.dll, DataCollectionTestCaseEventHandler: Test case starting.
TpTrace Information: 0 : 19752, 8, 2022/05/18, 14:21:36.009, 3209506552791, datacollector.dll, Blame Collector : Test Case Start
TpTrace Verbose: 0 : 19752, 8, 2022/05/18, 14:21:36.009, 3209506553317, datacollector.dll, MulticastDelegateUtilities.SafeInvoke: DataCollectionEvents.TestCaseStart: Invoking callback 1/1 for Microsoft.TestPlatform.Extensions.BlameDataCollector.BlameCollector.EventsTestCaseStart, took 0 ms.
TpTrace Information: 0 : 19752, 8, 2022/05/18, 14:21:36.010, 3209506554281, datacollector.dll, DataCollectionTestCaseEventHandler: Test case 'Test_Summator_InValid_Inputs - c96d406b-19f0-3053-b4fe-4a97cf99476f' started.
TpTrace Information: 0 : 19752, 8, 2022/05/18, 14:21:37.988, 3209526335012, datacollector.dll, DataCollectionTestCaseEventHandler: Test case completing.
TpTrace Information: 0 : 19752, 8, 2022/05/18, 14:21:37.988, 3209526338597, datacollector.dll, Blame Collector: Test Case End
TpTrace Verbose: 0 : 19752, 8, 2022/05/18, 14:21:37.988, 3209526339045, datacollector.dll, MulticastDelegateUtilities.SafeInvoke: DataCollectionEvents.TestCaseEnd: Invoking callback 1/1 for Microsoft.TestPlatform.Extensions.BlameDataCollector.BlameCollector.EventsTestCaseEnd, took 0 ms.
TpTrace Information: 0 : 19752, 8, 2022/05/18, 14:21:37.988, 3209526340362, datacollector.dll, DataCollectionTestCaseEventHandler: Test case 'Test_Summator_InValid_Inputs - c96d406b-19f0-3053-b4fe-4a97cf99476f' completed
TpTrace Information: 0 : 19752, 8, 2022/05/18, 14:21:37.990, 3209526357409, datacollector.dll, DataCollectionTestCaseEventHandler: Test case starting.
TpTrace Information: 0 : 19752, 8, 2022/05/18, 14:21:37.990, 3209526360628, datacollector.dll, Blame Collector : Test Case Start
TpTrace Verbose: 0 : 19752, 8, 2022/05/18, 14:21:37.990, 3209526361100, datacollector.dll, MulticastDelegateUtilities.SafeInvoke: DataCollectionEvents.TestCaseStart: Invoking callback 1/1 for Microsoft.TestPlatform.Extensions.BlameDataCollector.BlameCollector.EventsTestCaseStart, took 0 ms.
TpTrace Information: 0 : 19752, 8, 2022/05/18, 14:21:37.990, 3209526362446, datacollector.dll, DataCollectionTestCaseEventHandler: Test case 'Test_Summator_Valid_Inputs - a85b9c32-0d0c-fb80-0d86-7223f16fe091' started.
TpTrace Information: 0 : 19752, 8, 2022/05/18, 14:21:39.980, 3209546258321, datacollector.dll, DataCollectionTestCaseEventHandler: Test case completing.
TpTrace Information: 0 : 19752, 8, 2022/05/18, 14:21:39.980, 3209546261466, datacollector.dll, Blame Collector: Test Case End
TpTrace Verbose: 0 : 19752, 8, 2022/05/18, 14:21:39.980, 3209546262006, datacollector.dll, MulticastDelegateUtilities.SafeInvoke: DataCollectionEvents.TestCaseEnd: Invoking callback 1/1 for Microsoft.TestPlatform.Extensions.BlameDataCollector.BlameCollector.EventsTestCaseEnd, took 0 ms.
TpTrace Information: 0 : 19752, 8, 2022/05/18, 14:21:39.980, 3209546263226, datacollector.dll, DataCollectionTestCaseEventHandler: Test case 'Test_Summator_Valid_Inputs - a85b9c32-0d0c-fb80-0d86-7223f16fe091' completed
TpTrace Information: 0 : 19752, 8, 2022/05/18, 14:21:39.981, 3209546273719, datacollector.dll, DataCollectionTestCaseEventHandler: Test case starting.
TpTrace Information: 0 : 19752, 8, 2022/05/18, 14:21:39.982, 3209546276670, datacollector.dll, Blame Collector : Test Case Start
TpTrace Verbose: 0 : 19752, 8, 2022/05/18, 14:21:39.982, 3209546277328, datacollector.dll, MulticastDelegateUtilities.SafeInvoke: DataCollectionEvents.TestCaseStart: Invoking callback 1/1 for Microsoft.TestPlatform.Extensions.BlameDataCollector.BlameCollector.EventsTestCaseStart, took 0 ms.
TpTrace Information: 0 : 19752, 8, 2022/05/18, 14:21:39.982, 3209546278501, datacollector.dll, DataCollectionTestCaseEventHandler: Test case 'Test_Summator_Valid_Negative_Inputs - fbc6653a-ba43-ddeb-12f7-8cdb1baccadb' started.
TpTrace Information: 0 : 19752, 8, 2022/05/18, 14:21:41.734, 3209563801071, datacollector.dll, DataCollectionTestCaseEventHandler: Test case completing.
TpTrace Information: 0 : 19752, 8, 2022/05/18, 14:21:41.735, 3209563804698, datacollector.dll, Blame Collector: Test Case End
TpTrace Verbose: 0 : 19752, 8, 2022/05/18, 14:21:41.735, 3209563805159, datacollector.dll, MulticastDelegateUtilities.SafeInvoke: DataCollectionEvents.TestCaseEnd: Invoking callback 1/1 for Microsoft.TestPlatform.Extensions.BlameDataCollector.BlameCollector.EventsTestCaseEnd, took 0 ms.
TpTrace Information: 0 : 19752, 8, 2022/05/18, 14:21:41.735, 3209563806134, datacollector.dll, DataCollectionTestCaseEventHandler: Test case 'Test_Summator_Valid_Negative_Inputs - fbc6653a-ba43-ddeb-12f7-8cdb1baccadb' completed
TpTrace Information: 0 : 19752, 8, 2022/05/18, 14:21:41.737, 3209563828046, datacollector.dll, DataCollectionTestCaseEventHandler: Test case starting.
TpTrace Information: 0 : 19752, 8, 2022/05/18, 14:21:41.737, 3209563831621, datacollector.dll, Blame Collector : Test Case Start
TpTrace Verbose: 0 : 19752, 8, 2022/05/18, 14:21:41.737, 3209563832410, datacollector.dll, MulticastDelegateUtilities.SafeInvoke: DataCollectionEvents.TestCaseStart: Invoking callback 1/1 for Microsoft.TestPlatform.Extensions.BlameDataCollector.BlameCollector.EventsTestCaseStart, took 0 ms.
TpTrace Information: 0 : 19752, 8, 2022/05/18, 14:21:41.737, 3209563833772, datacollector.dll, DataCollectionTestCaseEventHandler: Test case 'Test_Search_Wikipedia - d00c364b-cc87-9ef7-02b7-a326468c250c' started.
TpTrace Information: 0 : 19752, 8, 2022/05/18, 14:21:45.694, 3209603400708, datacollector.dll, DataCollectionTestCaseEventHandler: Test case completing.
TpTrace Information: 0 : 19752, 8, 2022/05/18, 14:21:45.694, 3209603403691, datacollector.dll, Blame Collector: Test Case End
TpTrace Verbose: 0 : 19752, 8, 2022/05/18, 14:21:45.695, 3209603404099, datacollector.dll, MulticastDelegateUtilities.SafeInvoke: DataCollectionEvents.TestCaseEnd: Invoking callback 1/1 for Microsoft.TestPlatform.Extensions.BlameDataCollector.BlameCollector.EventsTestCaseEnd, took 0 ms.
TpTrace Information: 0 : 19752, 8, 2022/05/18, 14:21:45.695, 3209603405225, datacollector.dll, DataCollectionTestCaseEventHandler: Test case 'Test_Search_Wikipedia - d00c364b-cc87-9ef7-02b7-a326468c250c' completed
TpTrace Information: 0 : 19752, 8, 2022/05/18, 14:21:45.696, 3209603419150, datacollector.dll, DataCollectionTestCaseEventHandler: Test case starting.
TpTrace Information: 0 : 19752, 8, 2022/05/18, 14:21:45.696, 3209603422110, datacollector.dll, Blame Collector : Test Case Start
TpTrace Verbose: 0 : 19752, 8, 2022/05/18, 14:21:45.696, 3209603422636, datacollector.dll, MulticastDelegateUtilities.SafeInvoke: DataCollectionEvents.TestCaseStart: Invoking callback 1/1 for Microsoft.TestPlatform.Extensions.BlameDataCollector.BlameCollector.EventsTestCaseStart, took 0 ms.
TpTrace Information: 0 : 19752, 8, 2022/05/18, 14:21:45.696, 3209603423770, datacollector.dll, DataCollectionTestCaseEventHandler: Test case 'Test_Search_Wikipedia - 3230cf4a-b36c-321a-09b9-cd60dcc9e38e' started.
TpTrace Information: 0 : 19752, 8, 2022/05/18, 14:21:48.219, 3209628650789, datacollector.dll, DataCollectionTestCaseEventHandler: Test case completing.
TpTrace Information: 0 : 19752, 8, 2022/05/18, 14:21:48.219, 3209628653570, datacollector.dll, Blame Collector: Test Case End
TpTrace Verbose: 0 : 19752, 8, 2022/05/18, 14:21:48.220, 3209628653952, datacollector.dll, MulticastDelegateUtilities.SafeInvoke: DataCollectionEvents.TestCaseEnd: Invoking callback 1/1 for Microsoft.TestPlatform.Extensions.BlameDataCollector.BlameCollector.EventsTestCaseEnd, took 0 ms.
TpTrace Information: 0 : 19752, 8, 2022/05/18, 14:21:48.220, 3209628655112, datacollector.dll, DataCollectionTestCaseEventHandler: Test case 'Test_Search_Wikipedia - 3230cf4a-b36c-321a-09b9-cd60dcc9e38e' completed
TpTrace Information: 0 : 19752, 8, 2022/05/18, 14:21:48.220, 3209628663522, datacollector.dll, DataCollectionTestCaseEventHandler: Test case starting.
TpTrace Information: 0 : 19752, 8, 2022/05/18, 14:21:48.221, 3209628666045, datacollector.dll, Blame Collector : Test Case Start
TpTrace Verbose: 0 : 19752, 8, 2022/05/18, 14:21:48.221, 3209628666543, datacollector.dll, MulticastDelegateUtilities.SafeInvoke: DataCollectionEvents.TestCaseStart: Invoking callback 1/1 for Microsoft.TestPlatform.Extensions.BlameDataCollector.BlameCollector.EventsTestCaseStart, took 0 ms.
TpTrace Information: 0 : 19752, 8, 2022/05/18, 14:21:48.221, 3209628667372, datacollector.dll, DataCollectionTestCaseEventHandler: Test case 'Test_Summator_Empty_Inputs - 78d3b3f4-e925-7710-d8b5-85c7e713fe62' started.
TpTrace Information: 0 : 19752, 8, 2022/05/18, 14:21:50.214, 3209648600276, datacollector.dll, DataCollectionTestCaseEventHandler: Test case completing.
TpTrace Information: 0 : 19752, 8, 2022/05/18, 14:21:50.214, 3209648603220, datacollector.dll, Blame Collector: Test Case End
TpTrace Verbose: 0 : 19752, 8, 2022/05/18, 14:21:50.214, 3209648603683, datacollector.dll, MulticastDelegateUtilities.SafeInvoke: DataCollectionEvents.TestCaseEnd: Invoking callback 1/1 for Microsoft.TestPlatform.Extensions.BlameDataCollector.BlameCollector.EventsTestCaseEnd, took 0 ms.
TpTrace Information: 0 : 19752, 8, 2022/05/18, 14:21:50.215, 3209648604556, datacollector.dll, DataCollectionTestCaseEventHandler: Test case 'Test_Summator_Empty_Inputs - 78d3b3f4-e925-7710-d8b5-85c7e713fe62' completed
TpTrace Information: 0 : 19752, 8, 2022/05/18, 14:21:50.215, 3209648613453, datacollector.dll, DataCollectionTestCaseEventHandler: Test case starting.
TpTrace Information: 0 : 19752, 8, 2022/05/18, 14:21:50.216, 3209648615439, datacollector.dll, Blame Collector : Test Case Start
TpTrace Verbose: 0 : 19752, 8, 2022/05/18, 14:21:50.216, 3209648615903, datacollector.dll, MulticastDelegateUtilities.SafeInvoke: DataCollectionEvents.TestCaseStart: Invoking callback 1/1 for Microsoft.TestPlatform.Extensions.BlameDataCollector.BlameCollector.EventsTestCaseStart, took 0 ms.
TpTrace Information: 0 : 19752, 8, 2022/05/18, 14:21:50.216, 3209648616705, datacollector.dll, DataCollectionTestCaseEventHandler: Test case 'Test_Summator_InValid_Inputs - 15245e00-40da-028f-9091-edbc93d13586' started.
TpTrace Information: 0 : 19752, 8, 2022/05/18, 14:21:52.195, 3209668410456, datacollector.dll, DataCollectionTestCaseEventHandler: Test case completing.
TpTrace Information: 0 : 19752, 8, 2022/05/18, 14:21:52.196, 3209668414286, datacollector.dll, Blame Collector: Test Case End
TpTrace Verbose: 0 : 19752, 8, 2022/05/18, 14:21:52.196, 3209668414680, datacollector.dll, MulticastDelegateUtilities.SafeInvoke: DataCollectionEvents.TestCaseEnd: Invoking callback 1/1 for Microsoft.TestPlatform.Extensions.BlameDataCollector.BlameCollector.EventsTestCaseEnd, took 0 ms.
TpTrace Information: 0 : 19752, 8, 2022/05/18, 14:21:52.196, 3209668415726, datacollector.dll, DataCollectionTestCaseEventHandler: Test case 'Test_Summator_InValid_Inputs - 15245e00-40da-028f-9091-edbc93d13586' completed
TpTrace Information: 0 : 19752, 8, 2022/05/18, 14:21:52.197, 3209668424079, datacollector.dll, DataCollectionTestCaseEventHandler: Test case starting.
TpTrace Information: 0 : 19752, 8, 2022/05/18, 14:21:52.197, 3209668426401, datacollector.dll, Blame Collector : Test Case Start
TpTrace Verbose: 0 : 19752, 8, 2022/05/18, 14:21:52.197, 3209668426866, datacollector.dll, MulticastDelegateUtilities.SafeInvoke: DataCollectionEvents.TestCaseStart: Invoking callback 1/1 for Microsoft.TestPlatform.Extensions.BlameDataCollector.BlameCollector.EventsTestCaseStart, took 0 ms.
TpTrace Information: 0 : 19752, 8, 2022/05/18, 14:21:52.197, 3209668427666, datacollector.dll, DataCollectionTestCaseEventHandler: Test case 'Test_Summator_Valid_Inputs - 9bc8604f-310e-c34c-e1ef-5060677f01f2' started.
TpTrace Information: 0 : 19752, 8, 2022/05/18, 14:21:54.230, 3209688760100, datacollector.dll, DataCollectionTestCaseEventHandler: Test case completing.
TpTrace Information: 0 : 19752, 8, 2022/05/18, 14:21:54.230, 3209688762738, datacollector.dll, Blame Collector: Test Case End
TpTrace Verbose: 0 : 19752, 8, 2022/05/18, 14:21:54.230, 3209688763239, datacollector.dll, MulticastDelegateUtilities.SafeInvoke: DataCollectionEvents.TestCaseEnd: Invoking callback 1/1 for Microsoft.TestPlatform.Extensions.BlameDataCollector.BlameCollector.EventsTestCaseEnd, took 0 ms.
TpTrace Information: 0 : 19752, 8, 2022/05/18, 14:21:54.231, 3209688764404, datacollector.dll, DataCollectionTestCaseEventHandler: Test case 'Test_Summator_Valid_Inputs - 9bc8604f-310e-c34c-e1ef-5060677f01f2' completed
TpTrace Information: 0 : 19752, 8, 2022/05/18, 14:21:54.231, 3209688771528, datacollector.dll, DataCollectionTestCaseEventHandler: Test case starting.
TpTrace Information: 0 : 19752, 8, 2022/05/18, 14:21:54.231, 3209688773309, datacollector.dll, Blame Collector : Test Case Start
TpTrace Verbose: 0 : 19752, 8, 2022/05/18, 14:21:54.231, 3209688773670, datacollector.dll, MulticastDelegateUtilities.SafeInvoke: DataCollectionEvents.TestCaseStart: Invoking callback 1/1 for Microsoft.TestPlatform.Extensions.BlameDataCollector.BlameCollector.EventsTestCaseStart, took 0 ms.
TpTrace Information: 0 : 19752, 8, 2022/05/18, 14:21:54.232, 3209688774288, datacollector.dll, DataCollectionTestCaseEventHandler: Test case 'Test_Summator_Valid_Negative_Inputs - 6dc3bad9-b647-dc53-dcde-90a34838c119' started.
TpTrace Information: 0 : 19752, 8, 2022/05/18, 14:21:56.212, 3209708578937, datacollector.dll, DataCollectionTestCaseEventHandler: Test case completing.
TpTrace Information: 0 : 19752, 8, 2022/05/18, 14:21:56.212, 3209708581463, datacollector.dll, Blame Collector: Test Case End
TpTrace Verbose: 0 : 19752, 8, 2022/05/18, 14:21:56.212, 3209708581836, datacollector.dll, MulticastDelegateUtilities.SafeInvoke: DataCollectionEvents.TestCaseEnd: Invoking callback 1/1 for Microsoft.TestPlatform.Extensions.BlameDataCollector.BlameCollector.EventsTestCaseEnd, took 0 ms.
TpTrace Information: 0 : 19752, 8, 2022/05/18, 14:21:56.212, 3209708582766, datacollector.dll, DataCollectionTestCaseEventHandler: Test case 'Test_Summator_Valid_Negative_Inputs - 6dc3bad9-b647-dc53-dcde-90a34838c119' completed
TpTrace Information: 0 : 19752, 8, 2022/05/18, 14:21:56.220, 3209708663810, datacollector.dll, DataCollectionTestCaseEventHandler: Test session ended
TpTrace Information: 0 : 19752, 1, 2022/05/18, 14:21:56.254, 3209708995633, datacollector.dll, DataCollectionRequestHandler.ProcessRequests: Datacollector received message: (DataCollection.AfterTestRunEnd) -> false
TpTrace Information: 0 : 19752, 1, 2022/05/18, 14:21:56.254, 3209709002161, datacollector.dll, Blame Collector: Session End
TpTrace Information: 0 : 19752, 1, 2022/05/18, 14:21:56.254, 3209709002566, datacollector.dll, BlameCollector.CollectDumpAndAbortTesthost: Custom path to dump directory was provided via VSTEST_DUMP_PATH. Skipping attachment upload, the caller is responsible for collecting and uploading the dumps themselves.
TpTrace Verbose: 0 : 19752, 1, 2022/05/18, 14:21:56.254, 3209709003217, datacollector.dll, MulticastDelegateUtilities.SafeInvoke: DataCollectionEvents.SessionEnd: Invoking callback 1/1 for Microsoft.TestPlatform.Extensions.BlameDataCollector.BlameCollector.SessionEndedHandler, took 0 ms.
TpTrace Information: 0 : 19752, 1, 2022/05/18, 14:21:56.255, 3209709008949, datacollector.dll, DataCollectionManager.CleanupPlugins: CleanupPlugins called
TpTrace Verbose: 0 : 19752, 1, 2022/05/18, 14:21:56.255, 3209709009309, datacollector.dll, DataCollectionManager.CleanupPlugins: Cleaning up 1 plugins
TpTrace Verbose: 0 : 19752, 1, 2022/05/18, 14:21:56.255, 3209709009995, datacollector.dll, dataCollectorInfo.DisposeDataCollector: calling Dispose() on Microsoft.TestPlatform.Extensions.BlameDataCollector.BlameCollector
TpTrace Information: 0 : 19752, 1, 2022/05/18, 14:21:56.255, 3209709010518, datacollector.dll, DataCollectionManager.CleanupPlugins: CleanupPlugins finished
TpTrace Information: 0 : 19752, 1, 2022/05/18, 14:21:56.259, 3209709052391, datacollector.dll, DataCollectionRequestHandler.ProcessRequests : Session End message received from server. Closing the connection.
TpTrace Information: 0 : 19752, 1, 2022/05/18, 14:21:56.260, 3209709054278, datacollector.dll, Closing the connection !
TpTrace Information: 0 : 19752, 1, 2022/05/18, 14:21:56.260, 3209709054641, datacollector.dll, DataCollectionRequestHandler.ProcessRequests : DataCollection completed
TpTrace Information: 0 : 19752, 1, 2022/05/18, 14:21:56.260, 3209709054901, datacollector.dll, Program.Main: exiting datacollector process.
